<?xml version="1.0" encoding="UTF-8"?>
<coverage generated="1628205889933" clover="3.2.0">
  <project timestamp="1628205889934" name="All files">
    <metrics statements="97" coveredstatements="92" conditionals="40" coveredconditionals="37" methods="23" coveredmethods="23" elements="160" coveredelements="152" complexity="0" loc="97" ncloc="97" packages="1" files="2" classes="2"/>
    <file name="parse.js" path="C:\Users\51947\Documents\Laboratoria-Backend\REG003-roman-numerals\src\parse.js">
      <metrics statements="82" coveredstatements="77" conditionals="34" coveredconditionals="31" methods="22" coveredmethods="22"/>
      <line num="1" count="1" type="stmt"/>
      <line num="2" count="83" type="cond" truecount="8" falsecount="0"/>
      <line num="4" count="29" type="stmt"/>
      <line num="6" count="9" type="stmt"/>
      <line num="8" count="12" type="stmt"/>
      <line num="10" count="2" type="stmt"/>
      <line num="12" count="10" type="stmt"/>
      <line num="14" count="2" type="stmt"/>
      <line num="16" count="18" type="stmt"/>
      <line num="18" count="1" type="stmt"/>
      <line num="24" count="1" type="stmt"/>
      <line num="26" count="1" type="cond" truecount="1" falsecount="3"/>
      <line num="28" count="0" type="stmt"/>
      <line num="29" count="0" type="stmt"/>
      <line num="31" count="1" type="stmt"/>
      <line num="32" count="1" type="stmt"/>
      <line num="34" count="0" type="stmt"/>
      <line num="35" count="0" type="stmt"/>
      <line num="37" count="0" type="stmt"/>
      <line num="39" count="1" type="stmt"/>
      <line num="43" count="1" type="stmt"/>
      <line num="44" count="20" type="stmt"/>
      <line num="46" count="64" type="stmt"/>
      <line num="47" count="20" type="stmt"/>
      <line num="50" count="1" type="stmt"/>
      <line num="51" count="19" type="stmt"/>
      <line num="52" count="19" type="stmt"/>
      <line num="53" count="186" type="stmt"/>
      <line num="55" count="56" type="stmt"/>
      <line num="57" count="19" type="stmt"/>
      <line num="58" count="57" type="cond" truecount="2" falsecount="0"/>
      <line num="59" count="56" type="stmt"/>
      <line num="62" count="19" type="stmt"/>
      <line num="65" count="1" type="stmt"/>
      <line num="66" count="18" type="stmt"/>
      <line num="67" count="18" type="stmt"/>
      <line num="69" count="18" type="cond" truecount="2" falsecount="0"/>
      <line num="70" count="17" type="stmt"/>
      <line num="71" count="204" type="stmt"/>
      <line num="74" count="65" type="stmt"/>
      <line num="76" count="17" type="stmt"/>
      <line num="77" count="68" type="cond" truecount="2" falsecount="0"/>
      <line num="78" count="67" type="stmt"/>
      <line num="81" count="17" type="stmt"/>
      <line num="83" count="1" type="stmt"/>
      <line num="87" count="1" type="stmt"/>
      <line num="88" count="17" type="stmt"/>
      <line num="89" count="153" type="stmt"/>
      <line num="90" count="145" type="stmt"/>
      <line num="91" count="17" type="stmt"/>
      <line num="92" count="153" type="cond" truecount="2" falsecount="0"/>
      <line num="93" count="153" type="stmt"/>
      <line num="95" count="17" type="stmt"/>
      <line num="98" count="1" type="stmt"/>
      <line num="99" count="16" type="stmt"/>
      <line num="100" count="192" type="stmt"/>
      <line num="101" count="182" type="stmt"/>
      <line num="102" count="16" type="stmt"/>
      <line num="105" count="1" type="stmt"/>
      <line num="107" count="23" type="cond" truecount="2" falsecount="0"/>
      <line num="108" count="3" type="stmt"/>
      <line num="111" count="20" type="stmt"/>
      <line num="113" count="20" type="cond" truecount="2" falsecount="0"/>
      <line num="114" count="1" type="stmt"/>
      <line num="117" count="19" type="cond" truecount="2" falsecount="0"/>
      <line num="118" count="1" type="stmt"/>
      <line num="123" count="18" type="cond" truecount="2" falsecount="0"/>
      <line num="124" count="1" type="stmt"/>
      <line num="127" count="17" type="cond" truecount="2" falsecount="0"/>
      <line num="128" count="1" type="stmt"/>
      <line num="131" count="16" type="cond" truecount="2" falsecount="0"/>
      <line num="132" count="1" type="stmt"/>
      <line num="136" count="15" type="stmt"/>
      <line num="140" count="15" type="stmt"/>
      <line num="141" count="34" type="stmt"/>
      <line num="142" count="34" type="stmt"/>
      <line num="144" count="34" type="cond" truecount="2" falsecount="0"/>
      <line num="145" count="24" type="stmt"/>
      <line num="147" count="10" type="stmt"/>
      <line num="151" count="15" type="stmt"/>
      <line num="153" count="1" type="stmt"/>
      <line num="154" count="1" type="stmt"/>
    </file>
    <file name="stringify.js" path="C:\Users\51947\Documents\Laboratoria-Backend\REG003-roman-numerals\src\stringify.js">
      <metrics statements="15" coveredstatements="15" conditionals="6" coveredconditionals="6" methods="1" coveredmethods="1"/>
      <line num="1" count="1" type="stmt"/>
      <line num="16" count="1" type="stmt"/>
      <line num="20" count="18" type="cond" truecount="2" falsecount="0"/>
      <line num="21" count="2" type="stmt"/>
      <line num="24" count="16" type="cond" truecount="4" falsecount="0"/>
      <line num="25" count="2" type="stmt"/>
      <line num="28" count="14" type="stmt"/>
      <line num="30" count="14" type="stmt"/>
      <line num="31" count="182" type="stmt"/>
      <line num="32" count="182" type="stmt"/>
      <line num="34" count="182" type="stmt"/>
      <line num="35" count="38" type="stmt"/>
      <line num="36" count="38" type="stmt"/>
      <line num="40" count="14" type="stmt"/>
      <line num="44" count="1" type="stmt"/>
    </file>
  </project>
</coverage>
