<?xml version="1.0" encoding="UTF-8"?>
<coverage generated="1628174498352" clover="3.2.0">
  <project timestamp="1628174498353" name="All files">
    <metrics statements="82" coveredstatements="73" conditionals="32" coveredconditionals="28" methods="18" coveredmethods="16" elements="132" coveredelements="117" complexity="0" loc="82" ncloc="82" packages="1" files="2" classes="2"/>
    <file name="parse.js" path="C:\Users\N20\Documents\GitHub\REG003-roman-numerals\src\parse.js">
      <metrics statements="67" coveredstatements="58" conditionals="26" coveredconditionals="22" methods="17" coveredmethods="15"/>
      <line num="1" count="1" type="stmt"/>
      <line num="2" count="79" type="cond" truecount="7" falsecount="1"/>
      <line num="4" count="33" type="stmt"/>
      <line num="6" count="11" type="stmt"/>
      <line num="8" count="13" type="stmt"/>
      <line num="10" count="4" type="stmt"/>
      <line num="12" count="6" type="stmt"/>
      <line num="14" count="2" type="stmt"/>
      <line num="16" count="10" type="stmt"/>
      <line num="18" count="0" type="stmt"/>
      <line num="23" count="1" type="stmt"/>
      <line num="25" count="1" type="cond" truecount="1" falsecount="3"/>
      <line num="27" count="0" type="stmt"/>
      <line num="28" count="0" type="stmt"/>
      <line num="30" count="1" type="stmt"/>
      <line num="31" count="1" type="stmt"/>
      <line num="33" count="0" type="stmt"/>
      <line num="34" count="0" type="stmt"/>
      <line num="36" count="0" type="stmt"/>
      <line num="38" count="1" type="stmt"/>
      <line num="42" count="1" type="stmt"/>
      <line num="43" count="19" type="stmt"/>
      <line num="44" count="19" type="stmt"/>
      <line num="46" count="64" type="stmt"/>
      <line num="47" count="19" type="stmt"/>
      <line num="50" count="1" type="stmt"/>
      <line num="51" count="18" type="stmt"/>
      <line num="52" count="18" type="stmt"/>
      <line num="53" count="18" type="stmt"/>
      <line num="54" count="186" type="stmt"/>
      <line num="60" count="53" type="stmt"/>
      <line num="62" count="18" type="stmt"/>
      <line num="63" count="54" type="cond" truecount="2" falsecount="0"/>
      <line num="64" count="53" type="stmt"/>
      <line num="67" count="18" type="stmt"/>
      <line num="70" count="1" type="stmt"/>
      <line num="71" count="17" type="stmt"/>
      <line num="72" count="17" type="stmt"/>
      <line num="73" count="17" type="stmt"/>
      <line num="74" count="240" type="stmt"/>
      <line num="77" count="65" type="stmt"/>
      <line num="79" count="17" type="stmt"/>
      <line num="80" count="68" type="cond" truecount="2" falsecount="0"/>
      <line num="81" count="66" type="stmt"/>
      <line num="84" count="17" type="stmt"/>
      <line num="87" count="1" type="stmt"/>
      <line num="88" count="0" type="stmt"/>
      <line num="89" count="0" type="stmt"/>
      <line num="90" count="0" type="stmt"/>
      <line num="93" count="1" type="stmt"/>
      <line num="94" count="22" type="cond" truecount="2" falsecount="0"/>
      <line num="95" count="3" type="stmt"/>
      <line num="98" count="19" type="cond" truecount="2" falsecount="0"/>
      <line num="99" count="1" type="stmt"/>
      <line num="102" count="18" type="cond" truecount="2" falsecount="0"/>
      <line num="103" count="1" type="stmt"/>
      <line num="108" count="17" type="cond" truecount="2" falsecount="0"/>
      <line num="109" count="2" type="stmt"/>
      <line num="113" count="15" type="stmt"/>
      <line num="117" count="15" type="stmt"/>
      <line num="118" count="32" type="stmt"/>
      <line num="119" count="32" type="stmt"/>
      <line num="121" count="32" type="cond" truecount="2" falsecount="0"/>
      <line num="122" count="23" type="stmt"/>
      <line num="124" count="9" type="stmt"/>
      <line num="128" count="15" type="stmt"/>
      <line num="133" count="1" type="stmt"/>
    </file>
    <file name="stringify.js" path="C:\Users\N20\Documents\GitHub\REG003-roman-numerals\src\stringify.js">
      <metrics statements="15" coveredstatements="15" conditionals="6" coveredconditionals="6" methods="1" coveredmethods="1"/>
      <line num="1" count="1" type="stmt"/>
      <line num="16" count="1" type="stmt"/>
      <line num="20" count="18" type="cond" truecount="2" falsecount="0"/>
      <line num="21" count="2" type="stmt"/>
      <line num="24" count="16" type="cond" truecount="4" falsecount="0"/>
      <line num="25" count="2" type="stmt"/>
      <line num="28" count="14" type="stmt"/>
      <line num="30" count="14" type="stmt"/>
      <line num="31" count="182" type="stmt"/>
      <line num="32" count="182" type="stmt"/>
      <line num="34" count="182" type="stmt"/>
      <line num="35" count="38" type="stmt"/>
      <line num="36" count="38" type="stmt"/>
      <line num="40" count="14" type="stmt"/>
      <line num="44" count="1" type="stmt"/>
    </file>
  </project>
</coverage>
