{"C:\\Users\\51947\\Documents\\Laboratoria-Backend\\REG003-roman-numerals\\src\\parse.js": {"path":"C:\\Users\\51947\\Documents\\Laboratoria-Backend\\REG003-roman-numerals\\src\\parse.js","statementMap":{"0":{"start":{"line":1,"column":27},"end":{"line":20,"column":1}},"1":{"start":{"line":2,"column":2},"end":{"line":19,"column":3}},"2":{"start":{"line":4,"column":6},"end":{"line":4,"column":15}},"3":{"start":{"line":6,"column":6},"end":{"line":6,"column":15}},"4":{"start":{"line":8,"column":6},"end":{"line":8,"column":16}},"5":{"start":{"line":10,"column":6},"end":{"line":10,"column":16}},"6":{"start":{"line":12,"column":6},"end":{"line":12,"column":17}},"7":{"start":{"line":14,"column":6},"end":{"line":14,"column":17}},"8":{"start":{"line":16,"column":6},"end":{"line":16,"column":18}},"9":{"start":{"line":18,"column":6},"end":{"line":18,"column":16}},"10":{"start":{"line":24,"column":17},"end":{"line":40,"column":1}},"11":{"start":{"line":26,"column":2},"end":{"line":38,"column":3}},"12":{"start":{"line":28,"column":6},"end":{"line":28,"column":20}},"13":{"start":{"line":29,"column":4},"end":{"line":29,"column":9}},"14":{"start":{"line":31,"column":6},"end":{"line":31,"column":21}},"15":{"start":{"line":32,"column":4},"end":{"line":32,"column":9}},"16":{"start":{"line":34,"column":6},"end":{"line":34,"column":22}},"17":{"start":{"line":35,"column":4},"end":{"line":35,"column":9}},"18":{"start":{"line":37,"column":6},"end":{"line":37,"column":12}},"19":{"start":{"line":39,"column":2},"end":{"line":39,"column":13}},"20":{"start":{"line":43,"column":23},"end":{"line":49,"column":1}},"21":{"start":{"line":44,"column":19},"end":{"line":44,"column":54}},"22":{"start":{"line":45,"column":19},"end":{"line":45,"column":41}},"23":{"start":{"line":47,"column":17},"end":{"line":47,"column":68}},"24":{"start":{"line":47,"column":43},"end":{"line":47,"column":67}},"25":{"start":{"line":48,"column":2},"end":{"line":48,"column":15}},"26":{"start":{"line":51,"column":30},"end":{"line":69,"column":1}},"27":{"start":{"line":52,"column":19},"end":{"line":52,"column":34}},"28":{"start":{"line":53,"column":19},"end":{"line":53,"column":41}},"29":{"start":{"line":54,"column":30},"end":{"line":56,"column":3}},"30":{"start":{"line":55,"column":15},"end":{"line":55,"column":57}},"31":{"start":{"line":55,"column":38},"end":{"line":55,"column":49}},"32":{"start":{"line":61,"column":17},"end":{"line":61,"column":56}},"33":{"start":{"line":61,"column":50},"end":{"line":61,"column":55}},"34":{"start":{"line":63,"column":2},"end":{"line":66,"column":5}},"35":{"start":{"line":64,"column":4},"end":{"line":64,"column":48}},"36":{"start":{"line":64,"column":16},"end":{"line":64,"column":48}},"37":{"start":{"line":65,"column":4},"end":{"line":65,"column":16}},"38":{"start":{"line":68,"column":2},"end":{"line":68,"column":16}},"39":{"start":{"line":71,"column":22},"end":{"line":92,"column":1}},"40":{"start":{"line":72,"column":19},"end":{"line":72,"column":39}},"41":{"start":{"line":73,"column":19},"end":{"line":73,"column":41}},"42":{"start":{"line":75,"column":2},"end":{"line":91,"column":3}},"43":{"start":{"line":76,"column":34},"end":{"line":78,"column":5}},"44":{"start":{"line":77,"column":17},"end":{"line":77,"column":59}},"45":{"start":{"line":77,"column":40},"end":{"line":77,"column":51}},"46":{"start":{"line":80,"column":18},"end":{"line":80,"column":59}},"47":{"start":{"line":80,"column":53},"end":{"line":80,"column":58}},"48":{"start":{"line":82,"column":4},"end":{"line":85,"column":7}},"49":{"start":{"line":83,"column":6},"end":{"line":83,"column":52}},"50":{"start":{"line":83,"column":18},"end":{"line":83,"column":52}},"51":{"start":{"line":84,"column":6},"end":{"line":84,"column":18}},"52":{"start":{"line":87,"column":4},"end":{"line":87,"column":17}},"53":{"start":{"line":90,"column":4},"end":{"line":90,"column":16}},"54":{"start":{"line":94,"column":19},"end":{"line":96,"column":1}},"55":{"start":{"line":98,"column":14},"end":{"line":135,"column":1}},"56":{"start":{"line":100,"column":2},"end":{"line":102,"column":3}},"57":{"start":{"line":101,"column":4},"end":{"line":101,"column":36}},"58":{"start":{"line":104,"column":2},"end":{"line":106,"column":3}},"59":{"start":{"line":105,"column":4},"end":{"line":105,"column":45}},"60":{"start":{"line":108,"column":2},"end":{"line":112,"column":3}},"61":{"start":{"line":109,"column":4},"end":{"line":111,"column":6}},"62":{"start":{"line":114,"column":2},"end":{"line":116,"column":3}},"63":{"start":{"line":115,"column":4},"end":{"line":115,"column":71}},"64":{"start":{"line":119,"column":15},"end":{"line":119,"column":51}},"65":{"start":{"line":123,"column":2},"end":{"line":132,"column":3}},"66":{"start":{"line":123,"column":14},"end":{"line":123,"column":15}},"67":{"start":{"line":124,"column":4},"end":{"line":124,"column":50}},"68":{"start":{"line":125,"column":4},"end":{"line":125,"column":56}},"69":{"start":{"line":127,"column":4},"end":{"line":131,"column":5}},"70":{"start":{"line":128,"column":6},"end":{"line":128,"column":23}},"71":{"start":{"line":130,"column":6},"end":{"line":130,"column":46}},"72":{"start":{"line":134,"column":2},"end":{"line":134,"column":16}},"73":{"start":{"line":139,"column":0},"end":{"line":141,"column":2}}},"fnMap":{"0":{"name":"(anonymous_0)","decl":{"start":{"line":1,"column":27},"end":{"line":1,"column":28}},"loc":{"start":{"line":1,"column":38},"end":{"line":20,"column":1}},"line":1},"1":{"name":"(anonymous_1)","decl":{"start":{"line":24,"column":17},"end":{"line":24,"column":18}},"loc":{"start":{"line":24,"column":28},"end":{"line":40,"column":1}},"line":24},"2":{"name":"(anonymous_2)","decl":{"start":{"line":43,"column":23},"end":{"line":43,"column":24}},"loc":{"start":{"line":43,"column":41},"end":{"line":49,"column":1}},"line":43},"3":{"name":"(anonymous_3)","decl":{"start":{"line":47,"column":32},"end":{"line":47,"column":33}},"loc":{"start":{"line":47,"column":43},"end":{"line":47,"column":67}},"line":47},"4":{"name":"(anonymous_4)","decl":{"start":{"line":51,"column":30},"end":{"line":51,"column":31}},"loc":{"start":{"line":51,"column":48},"end":{"line":69,"column":1}},"line":51},"5":{"name":"(anonymous_5)","decl":{"start":{"line":55,"column":4},"end":{"line":55,"column":5}},"loc":{"start":{"line":55,"column":15},"end":{"line":55,"column":57}},"line":55},"6":{"name":"(anonymous_6)","decl":{"start":{"line":55,"column":31},"end":{"line":55,"column":32}},"loc":{"start":{"line":55,"column":38},"end":{"line":55,"column":49}},"line":55},"7":{"name":"(anonymous_7)","decl":{"start":{"line":61,"column":43},"end":{"line":61,"column":44}},"loc":{"start":{"line":61,"column":50},"end":{"line":61,"column":55}},"line":61},"8":{"name":"(anonymous_8)","decl":{"start":{"line":63,"column":29},"end":{"line":63,"column":30}},"loc":{"start":{"line":63,"column":43},"end":{"line":66,"column":3}},"line":63},"9":{"name":"(anonymous_9)","decl":{"start":{"line":71,"column":22},"end":{"line":71,"column":23}},"loc":{"start":{"line":71,"column":40},"end":{"line":92,"column":1}},"line":71},"10":{"name":"(anonymous_10)","decl":{"start":{"line":77,"column":6},"end":{"line":77,"column":7}},"loc":{"start":{"line":77,"column":17},"end":{"line":77,"column":59}},"line":77},"11":{"name":"(anonymous_11)","decl":{"start":{"line":77,"column":33},"end":{"line":77,"column":34}},"loc":{"start":{"line":77,"column":40},"end":{"line":77,"column":51}},"line":77},"12":{"name":"(anonymous_12)","decl":{"start":{"line":80,"column":46},"end":{"line":80,"column":47}},"loc":{"start":{"line":80,"column":53},"end":{"line":80,"column":58}},"line":80},"13":{"name":"(anonymous_13)","decl":{"start":{"line":82,"column":33},"end":{"line":82,"column":34}},"loc":{"start":{"line":82,"column":47},"end":{"line":85,"column":5}},"line":82},"14":{"name":"(anonymous_14)","decl":{"start":{"line":94,"column":19},"end":{"line":94,"column":20}},"loc":{"start":{"line":94,"column":25},"end":{"line":96,"column":1}},"line":94},"15":{"name":"(anonymous_15)","decl":{"start":{"line":98,"column":14},"end":{"line":98,"column":15}},"loc":{"start":{"line":98,"column":26},"end":{"line":135,"column":1}},"line":98}},"branchMap":{"0":{"loc":{"start":{"line":2,"column":2},"end":{"line":19,"column":3}},"type":"switch","locations":[{"start":{"line":3,"column":4},"end":{"line":4,"column":15}},{"start":{"line":5,"column":4},"end":{"line":6,"column":15}},{"start":{"line":7,"column":4},"end":{"line":8,"column":16}},{"start":{"line":9,"column":4},"end":{"line":10,"column":16}},{"start":{"line":11,"column":4},"end":{"line":12,"column":17}},{"start":{"line":13,"column":4},"end":{"line":14,"column":17}},{"start":{"line":15,"column":4},"end":{"line":16,"column":18}},{"start":{"line":17,"column":4},"end":{"line":18,"column":16}}],"line":2},"1":{"loc":{"start":{"line":26,"column":2},"end":{"line":38,"column":3}},"type":"switch","locations":[{"start":{"line":27,"column":4},"end":{"line":29,"column":9}},{"start":{"line":30,"column":4},"end":{"line":32,"column":9}},{"start":{"line":33,"column":4},"end":{"line":35,"column":9}},{"start":{"line":36,"column":4},"end":{"line":37,"column":12}}],"line":26},"2":{"loc":{"start":{"line":64,"column":4},"end":{"line":64,"column":48}},"type":"if","locations":[{"start":{"line":64,"column":4},"end":{"line":64,"column":48}},{"start":{"line":64,"column":4},"end":{"line":64,"column":48}}],"line":64},"3":{"loc":{"start":{"line":75,"column":2},"end":{"line":91,"column":3}},"type":"if","locations":[{"start":{"line":75,"column":2},"end":{"line":91,"column":3}},{"start":{"line":75,"column":2},"end":{"line":91,"column":3}}],"line":75},"4":{"loc":{"start":{"line":83,"column":6},"end":{"line":83,"column":52}},"type":"if","locations":[{"start":{"line":83,"column":6},"end":{"line":83,"column":52}},{"start":{"line":83,"column":6},"end":{"line":83,"column":52}}],"line":83},"5":{"loc":{"start":{"line":100,"column":2},"end":{"line":102,"column":3}},"type":"if","locations":[{"start":{"line":100,"column":2},"end":{"line":102,"column":3}},{"start":{"line":100,"column":2},"end":{"line":102,"column":3}}],"line":100},"6":{"loc":{"start":{"line":104,"column":2},"end":{"line":106,"column":3}},"type":"if","locations":[{"start":{"line":104,"column":2},"end":{"line":106,"column":3}},{"start":{"line":104,"column":2},"end":{"line":106,"column":3}}],"line":104},"7":{"loc":{"start":{"line":108,"column":2},"end":{"line":112,"column":3}},"type":"if","locations":[{"start":{"line":108,"column":2},"end":{"line":112,"column":3}},{"start":{"line":108,"column":2},"end":{"line":112,"column":3}}],"line":108},"8":{"loc":{"start":{"line":114,"column":2},"end":{"line":116,"column":3}},"type":"if","locations":[{"start":{"line":114,"column":2},"end":{"line":116,"column":3}},{"start":{"line":114,"column":2},"end":{"line":116,"column":3}}],"line":114},"9":{"loc":{"start":{"line":127,"column":4},"end":{"line":131,"column":5}},"type":"if","locations":[{"start":{"line":127,"column":4},"end":{"line":131,"column":5}},{"start":{"line":127,"column":4},"end":{"line":131,"column":5}}],"line":127}},"s":{"0":1,"1":96,"2":35,"3":11,"4":16,"5":4,"6":10,"7":2,"8":18,"9":0,"10":1,"11":1,"12":0,"13":0,"14":1,"15":1,"16":0,"17":0,"18":0,"19":1,"20":1,"21":19,"22":19,"23":19,"24":64,"25":19,"26":1,"27":18,"28":18,"29":18,"30":54,"31":186,"32":18,"33":53,"34":18,"35":54,"36":1,"37":53,"38":18,"39":1,"40":17,"41":17,"42":17,"43":16,"44":64,"45":204,"46":16,"47":61,"48":16,"49":64,"50":1,"51":63,"52":16,"53":1,"54":1,"55":1,"56":22,"57":3,"58":19,"59":1,"60":18,"61":1,"62":17,"63":1,"64":16,"65":16,"66":16,"67":40,"68":40,"69":40,"70":28,"71":12,"72":16,"73":1},"f":{"0":96,"1":1,"2":19,"3":64,"4":18,"5":54,"6":186,"7":53,"8":54,"9":17,"10":64,"11":204,"12":61,"13":64,"14":0,"15":22},"b":{"0":[35,11,16,4,10,2,18,0],"1":[0,1,0,0],"2":[1,53],"3":[16,1],"4":[1,63],"5":[3,19],"6":[1,18],"7":[1,17],"8":[1,16],"9":[28,12]},"_coverageSchema":"1a1c01bbd47fc00a2c39e90264f33305004495a9","hash":"19dfb9c8e8f2e8158e4dce6f80514568f8f631b5"}
,"C:\\Users\\51947\\Documents\\Laboratoria-Backend\\REG003-roman-numerals\\src\\stringify.js": {"path":"C:\\Users\\51947\\Documents\\Laboratoria-Backend\\REG003-roman-numerals\\src\\stringify.js","statementMap":{"0":{"start":{"line":1,"column":18},"end":{"line":1,"column":26}},"1":{"start":{"line":3,"column":0},"end":{"line":5,"column":2}}},"fnMap":{"0":{"name":"(anonymous_0)","decl":{"start":{"line":1,"column":18},"end":{"line":1,"column":19}},"loc":{"start":{"line":1,"column":24},"end":{"line":1,"column":26}},"line":1}},"branchMap":{},"s":{"0":1,"1":1},"f":{"0":16},"b":{},"_coverageSchema":"1a1c01bbd47fc00a2c39e90264f33305004495a9","hash":"889168842b1bd40b6de72ab3e312a86a0579d103"}
}
