{"C:\\Users\\N20\\Documents\\GitHub\\REG003-roman-numerals\\src\\parse.js": {"path":"C:\\Users\\N20\\Documents\\GitHub\\REG003-roman-numerals\\src\\parse.js","statementMap":{"0":{"start":{"line":1,"column":27},"end":{"line":12,"column":1}},"1":{"start":{"line":2,"column":2},"end":{"line":11,"column":3}},"2":{"start":{"line":3,"column":14},"end":{"line":3,"column":23}},"3":{"start":{"line":4,"column":14},"end":{"line":4,"column":23}},"4":{"start":{"line":5,"column":14},"end":{"line":5,"column":24}},"5":{"start":{"line":6,"column":14},"end":{"line":6,"column":24}},"6":{"start":{"line":7,"column":14},"end":{"line":7,"column":25}},"7":{"start":{"line":8,"column":14},"end":{"line":8,"column":25}},"8":{"start":{"line":9,"column":14},"end":{"line":9,"column":26}},"9":{"start":{"line":10,"column":13},"end":{"line":10,"column":23}},"10":{"start":{"line":14,"column":25},"end":{"line":18,"column":1}},"11":{"start":{"line":15,"column":17},"end":{"line":15,"column":52}},"12":{"start":{"line":16,"column":18},"end":{"line":16,"column":63}},"13":{"start":{"line":16,"column":44},"end":{"line":16,"column":62}},"14":{"start":{"line":17,"column":2},"end":{"line":17,"column":17}},"15":{"start":{"line":20,"column":14},"end":{"line":58,"column":1}},"16":{"start":{"line":21,"column":2},"end":{"line":23,"column":3}},"17":{"start":{"line":22,"column":4},"end":{"line":22,"column":36}},"18":{"start":{"line":38,"column":2},"end":{"line":40,"column":3}},"19":{"start":{"line":39,"column":4},"end":{"line":39,"column":45}},"20":{"start":{"line":42,"column":15},"end":{"line":42,"column":51}},"21":{"start":{"line":46,"column":2},"end":{"line":55,"column":3}},"22":{"start":{"line":46,"column":14},"end":{"line":46,"column":15}},"23":{"start":{"line":47,"column":4},"end":{"line":47,"column":50}},"24":{"start":{"line":48,"column":4},"end":{"line":48,"column":56}},"25":{"start":{"line":50,"column":4},"end":{"line":54,"column":5}},"26":{"start":{"line":51,"column":6},"end":{"line":51,"column":23}},"27":{"start":{"line":53,"column":6},"end":{"line":53,"column":46}},"28":{"start":{"line":57,"column":2},"end":{"line":57,"column":16}},"29":{"start":{"line":63,"column":0},"end":{"line":65,"column":2}}},"fnMap":{"0":{"name":"(anonymous_0)","decl":{"start":{"line":1,"column":27},"end":{"line":1,"column":28}},"loc":{"start":{"line":1,"column":38},"end":{"line":12,"column":1}},"line":1},"1":{"name":"(anonymous_1)","decl":{"start":{"line":14,"column":25},"end":{"line":14,"column":26}},"loc":{"start":{"line":14,"column":43},"end":{"line":18,"column":1}},"line":14},"2":{"name":"(anonymous_2)","decl":{"start":{"line":16,"column":37},"end":{"line":16,"column":38}},"loc":{"start":{"line":16,"column":44},"end":{"line":16,"column":62}},"line":16},"3":{"name":"(anonymous_3)","decl":{"start":{"line":20,"column":14},"end":{"line":20,"column":15}},"loc":{"start":{"line":20,"column":26},"end":{"line":58,"column":1}},"line":20}},"branchMap":{"0":{"loc":{"start":{"line":2,"column":2},"end":{"line":11,"column":3}},"type":"switch","locations":[{"start":{"line":3,"column":4},"end":{"line":3,"column":23}},{"start":{"line":4,"column":4},"end":{"line":4,"column":23}},{"start":{"line":5,"column":4},"end":{"line":5,"column":24}},{"start":{"line":6,"column":4},"end":{"line":6,"column":24}},{"start":{"line":7,"column":4},"end":{"line":7,"column":25}},{"start":{"line":8,"column":4},"end":{"line":8,"column":25}},{"start":{"line":9,"column":4},"end":{"line":9,"column":26}},{"start":{"line":10,"column":4},"end":{"line":10,"column":23}}],"line":2},"1":{"loc":{"start":{"line":21,"column":2},"end":{"line":23,"column":3}},"type":"if","locations":[{"start":{"line":21,"column":2},"end":{"line":23,"column":3}},{"start":{"line":21,"column":2},"end":{"line":23,"column":3}}],"line":21},"2":{"loc":{"start":{"line":38,"column":2},"end":{"line":40,"column":3}},"type":"if","locations":[{"start":{"line":38,"column":2},"end":{"line":40,"column":3}},{"start":{"line":38,"column":2},"end":{"line":40,"column":3}}],"line":38},"3":{"loc":{"start":{"line":50,"column":4},"end":{"line":54,"column":5}},"type":"if","locations":[{"start":{"line":50,"column":4},"end":{"line":54,"column":5}},{"start":{"line":50,"column":4},"end":{"line":54,"column":5}}],"line":50}},"s":{"0":1,"1":3,"2":1,"3":1,"4":1,"5":0,"6":0,"7":0,"8":0,"9":0,"10":1,"11":19,"12":19,"13":19,"14":19,"15":1,"16":22,"17":3,"18":19,"19":16,"20":3,"21":3,"22":3,"23":0,"24":0,"25":0,"26":0,"27":0,"28":3,"29":1},"f":{"0":3,"1":19,"2":19,"3":22},"b":{"0":[1,1,1,0,0,0,0,0],"1":[3,19],"2":[16,3],"3":[0,0]},"_coverageSchema":"1a1c01bbd47fc00a2c39e90264f33305004495a9","hash":"fdc41983d9c9e75d9e57ecb8cbea20906a0f661b"}
,"C:\\Users\\N20\\Documents\\GitHub\\REG003-roman-numerals\\src\\stringify.js": {"path":"C:\\Users\\N20\\Documents\\GitHub\\REG003-roman-numerals\\src\\stringify.js","statementMap":{"0":{"start":{"line":1,"column":18},"end":{"line":1,"column":26}},"1":{"start":{"line":3,"column":0},"end":{"line":5,"column":2}}},"fnMap":{"0":{"name":"(anonymous_0)","decl":{"start":{"line":1,"column":18},"end":{"line":1,"column":19}},"loc":{"start":{"line":1,"column":24},"end":{"line":1,"column":26}},"line":1}},"branchMap":{},"s":{"0":1,"1":1},"f":{"0":16},"b":{},"_coverageSchema":"1a1c01bbd47fc00a2c39e90264f33305004495a9","hash":"d0ba8d7870d0cc8ae69916952f83c544d589d7de"}
}
