TN:
SF:src\parse.js
FN:1,(anonymous_0)
FN:24,(anonymous_1)
FN:43,(anonymous_2)
FN:47,(anonymous_3)
FN:51,(anonymous_4)
FN:55,(anonymous_5)
FN:55,(anonymous_6)
FN:61,(anonymous_7)
FN:63,(anonymous_8)
FN:71,(anonymous_9)
FN:77,(anonymous_10)
FN:77,(anonymous_11)
FN:80,(anonymous_12)
FN:82,(anonymous_13)
FN:94,(anonymous_14)
FN:98,(anonymous_15)
FNF:16
FNH:15
FNDA:96,(anonymous_0)
FNDA:1,(anonymous_1)
FNDA:19,(anonymous_2)
FNDA:64,(anonymous_3)
FNDA:18,(anonymous_4)
FNDA:54,(anonymous_5)
FNDA:186,(anonymous_6)
FNDA:53,(anonymous_7)
FNDA:54,(anonymous_8)
FNDA:17,(anonymous_9)
FNDA:64,(anonymous_10)
FNDA:204,(anonymous_11)
FNDA:61,(anonymous_12)
FNDA:64,(anonymous_13)
FNDA:0,(anonymous_14)
FNDA:22,(anonymous_15)
DA:1,1
DA:2,96
DA:4,35
DA:6,11
DA:8,16
DA:10,4
DA:12,10
DA:14,2
DA:16,18
DA:18,0
DA:24,1
DA:26,1
DA:28,0
DA:29,0
DA:31,1
DA:32,1
DA:34,0
DA:35,0
DA:37,0
DA:39,1
DA:43,1
DA:44,19
DA:45,19
DA:47,64
DA:48,19
DA:51,1
DA:52,18
DA:53,18
DA:54,18
DA:55,186
DA:61,53
DA:63,18
DA:64,54
DA:65,53
DA:68,18
DA:71,1
DA:72,17
DA:73,17
DA:75,17
DA:76,16
DA:77,204
DA:80,61
DA:82,16
DA:83,64
DA:84,63
DA:87,16
DA:90,1
DA:94,1
DA:98,1
DA:100,22
DA:101,3
DA:104,19
DA:105,1
DA:108,18
DA:109,1
DA:114,17
DA:115,1
DA:119,16
DA:123,16
DA:124,40
DA:125,40
DA:127,40
DA:128,28
DA:130,12
DA:134,16
DA:139,1
LF:66
LH:60
BRDA:2,0,0,35
BRDA:2,0,1,11
BRDA:2,0,2,16
BRDA:2,0,3,4
BRDA:2,0,4,10
BRDA:2,0,5,2
BRDA:2,0,6,18
BRDA:2,0,7,0
BRDA:26,1,0,0
BRDA:26,1,1,1
BRDA:26,1,2,0
BRDA:26,1,3,0
BRDA:64,2,0,1
BRDA:64,2,1,53
BRDA:75,3,0,16
BRDA:75,3,1,1
BRDA:83,4,0,1
BRDA:83,4,1,63
BRDA:100,5,0,3
BRDA:100,5,1,19
BRDA:104,6,0,1
BRDA:104,6,1,18
BRDA:108,7,0,1
BRDA:108,7,1,17
BRDA:114,8,0,1
BRDA:114,8,1,16
BRDA:127,9,0,28
BRDA:127,9,1,12
BRF:28
BRH:24
end_of_record
TN:
SF:src\stringify.js
FN:1,(anonymous_0)
FNF:1
FNH:1
FNDA:16,(anonymous_0)
DA:1,1
DA:3,1
LF:2
LH:2
BRF:0
BRH:0
end_of_record
