TN:
SF:src\parse.js
FN:1,(anonymous_0)
FN:14,(anonymous_1)
FN:16,(anonymous_2)
FN:20,(anonymous_3)
FNF:4
FNH:4
FNDA:3,(anonymous_0)
FNDA:19,(anonymous_1)
FNDA:19,(anonymous_2)
FNDA:22,(anonymous_3)
DA:1,1
DA:2,3
DA:3,1
DA:4,1
DA:5,1
DA:6,0
DA:7,0
DA:8,0
DA:9,0
DA:10,0
DA:14,1
DA:15,19
DA:16,19
DA:17,19
DA:20,1
DA:21,22
DA:22,3
DA:38,19
DA:39,16
DA:42,3
DA:46,3
DA:47,0
DA:48,0
DA:50,0
DA:51,0
DA:53,0
DA:57,3
DA:63,1
LF:28
LH:18
BRDA:2,0,0,1
BRDA:2,0,1,1
BRDA:2,0,2,1
BRDA:2,0,3,0
BRDA:2,0,4,0
BRDA:2,0,5,0
BRDA:2,0,6,0
BRDA:2,0,7,0
BRDA:21,1,0,3
BRDA:21,1,1,19
BRDA:38,2,0,16
BRDA:38,2,1,3
BRDA:50,3,0,0
BRDA:50,3,1,0
BRF:14
BRH:7
end_of_record
TN:
SF:src\stringify.js
FN:1,(anonymous_0)
FNF:1
FNH:1
FNDA:16,(anonymous_0)
DA:1,1
DA:3,1
LF:2
LH:2
BRF:0
BRH:0
end_of_record
